1524712565896	geckodriver	INFO	geckodriver 0.20.1
1524712565907	geckodriver	INFO	Listening on 127.0.0.1:58709
1524712879625	geckodriver	INFO	geckodriver 0.20.1
1524712879636	geckodriver	INFO	Listening on 127.0.0.1:58902
1524712880649	mozrunner::runner	INFO	Running command: "/Applications/Firefox.app/Contents/MacOS/firefox-bin" "-marionette" "-profile" "/var/folders/yd/_r5zqd3n3vlbbw9hlxgsjt5m0000gn/T/rust_mozprofile.dGIJcKCAkT0X"
1524712881360	Marionette	INFO	Enabled via --marionette
2018-04-25 21:21:22.572 plugin-container[4406:13366517] *** CFMessagePort: bootstrap_register(): failed 1100 (0x44c) 'Permission denied', port = 0x7843, name = 'com.apple.tsm.portname'
See /usr/include/servers/bootstrap_defs.h for the error codes.
1524712883208	Marionette	INFO	Listening on port 58913
1524712883248	Marionette	WARN	TLS certificate errors will be ignored for this session
2018-04-25 21:21:23.715 plugin-container[4407:13366604] *** CFMessagePort: bootstrap_register(): failed 1100 (0x44c) 'Permission denied', port = 0x7b03, name = 'com.apple.tsm.portname'
See /usr/include/servers/bootstrap_defs.h for the error codes.
2018-04-25 21:23:39.543 plugin-container[4473:13369500] *** CFMessagePort: bootstrap_register(): failed 1100 (0x44c) 'Permission denied', port = 0x823f, name = 'com.apple.tsm.portname'
See /usr/include/servers/bootstrap_defs.h for the error codes.

###!!! [Child][RunMessage] Error: Channel closing: too late to send/recv, messages will be lost

1524713029370	geckodriver	INFO	geckodriver 0.20.1
1524713029381	geckodriver	INFO	Listening on 127.0.0.1:59001
1524713030392	mozrunner::runner	INFO	Running command: "/Applications/Firefox.app/Contents/MacOS/firefox-bin" "-marionette" "-profile" "/var/folders/yd/_r5zqd3n3vlbbw9hlxgsjt5m0000gn/T/rust_mozprofile.JncGx6jNmwrN"
1524713030978	Marionette	INFO	Enabled via --marionette
2018-04-25 21:23:51.937 plugin-container[4489:13369961] *** CFMessagePort: bootstrap_register(): failed 1100 (0x44c) 'Permission denied', port = 0x7943, name = 'com.apple.tsm.portname'
See /usr/include/servers/bootstrap_defs.h for the error codes.
1524713032460	Marionette	INFO	Listening on port 59012
1524713032480	Marionette	WARN	TLS certificate errors will be ignored for this session
2018-04-25 21:23:53.597 plugin-container[4490:13370055] *** CFMessagePort: bootstrap_register(): failed 1100 (0x44c) 'Permission denied', port = 0x7c43, name = 'com.apple.tsm.portname'
See /usr/include/servers/bootstrap_defs.h for the error codes.
JavaScript error: http://pythonforengineers.com/secret/, line 125: TypeError: $ is not a function
2018-04-25 21:24:00.303 plugin-container[4494:13370213] *** CFMessagePort: bootstrap_register(): failed 1100 (0x44c) 'Permission denied', port = 0x7b03, name = 'com.apple.tsm.portname'
See /usr/include/servers/bootstrap_defs.h for the error codes.
*** UTM:SVC TimerManager:registerTimer called after profile-before-change notification. Ignoring timer registration for id: telemetry_modules_ping
1524713070151	geckodriver	INFO	geckodriver 0.20.1
1524713070157	geckodriver	INFO	Listening on 127.0.0.1:59217
1524713071177	mozrunner::runner	INFO	Running command: "/Applications/Firefox.app/Contents/MacOS/firefox-bin" "-marionette" "-profile" "/var/folders/yd/_r5zqd3n3vlbbw9hlxgsjt5m0000gn/T/rust_mozprofile.g4tXKPIrCRXF"
1524713071770	Marionette	INFO	Enabled via --marionette
2018-04-25 21:24:32.785 plugin-container[4526:13371045] *** CFMessagePort: bootstrap_register(): failed 1100 (0x44c) 'Permission denied', port = 0x7843, name = 'com.apple.tsm.portname'
See /usr/include/servers/bootstrap_defs.h for the error codes.
1524713073196	Marionette	INFO	Listening on port 59228
1524713073284	Marionette	WARN	TLS certificate errors will be ignored for this session
2018-04-25 21:24:34.117 plugin-container[4527:13371121] *** CFMessagePort: bootstrap_register(): failed 1100 (0x44c) 'Permission denied', port = 0x8443, name = 'com.apple.tsm.portname'
See /usr/include/servers/bootstrap_defs.h for the error codes.
JavaScript error: https://edge.ldscdn.org/cdn2/csp/ldsorg/script/common/lds.js, line 10: ReferenceError: $ is not defined
1524713194567	geckodriver	INFO	geckodriver 0.20.1
1524713194579	geckodriver	INFO	Listening on 127.0.0.1:59438
1524713195590	mozrunner::runner	INFO	Running command: "/Applications/Firefox.app/Contents/MacOS/firefox-bin" "-marionette" "-profile" "/var/folders/yd/_r5zqd3n3vlbbw9hlxgsjt5m0000gn/T/rust_mozprofile.7KjEQaaO23AW"
1524713196184	Marionette	INFO	Enabled via --marionette
2018-04-25 21:26:37.165 plugin-container[4607:13374202] *** CFMessagePort: bootstrap_register(): failed 1100 (0x44c) 'Permission denied', port = 0x7d43, name = 'com.apple.tsm.portname'
See /usr/include/servers/bootstrap_defs.h for the error codes.
1524713197638	Marionette	INFO	Listening on port 59449
1524713197690	Marionette	WARN	TLS certificate errors will be ignored for this session
2018-04-25 21:26:38.618 plugin-container[4608:13374273] *** CFMessagePort: bootstrap_register(): failed 1100 (0x44c) 'Permission denied', port = 0x7d3f, name = 'com.apple.tsm.portname'
See /usr/include/servers/bootstrap_defs.h for the error codes.
JavaScript error: https://edge.ldscdn.org/cdn2/csp/ldsorg/script/common/lds.js, line 10: ReferenceError: $ is not defined
2018-04-25 21:27:04.919 plugin-container[4625:13374826] *** CFMessagePort: bootstrap_register(): failed 1100 (0x44c) 'Permission denied', port = 0x723f, name = 'com.apple.tsm.portname'
See /usr/include/servers/bootstrap_defs.h for the error codes.
1524713254891	geckodriver	INFO	geckodriver 0.20.1
1524713254905	geckodriver	INFO	Listening on 127.0.0.1:59664
1524713255961	mozrunner::runner	INFO	Running command: "/Applications/Firefox.app/Contents/MacOS/firefox-bin" "-marionette" "-profile" "/var/folders/yd/_r5zqd3n3vlbbw9hlxgsjt5m0000gn/T/rust_mozprofile.Beb2TPTvZ8D6"
1524713256600	Marionette	INFO	Enabled via --marionette
2018-04-25 21:27:38.003 plugin-container[4656:13375880] *** CFMessagePort: bootstrap_register(): failed 1100 (0x44c) 'Permission denied', port = 0x873b, name = 'com.apple.tsm.portname'
See /usr/include/servers/bootstrap_defs.h for the error codes.
1524713258602	Marionette	INFO	Listening on port 59675
1524713258704	Marionette	WARN	TLS certificate errors will be ignored for this session
2018-04-25 21:27:39.890 plugin-container[4657:13375963] *** CFMessagePort: bootstrap_register(): failed 1100 (0x44c) 'Permission denied', port = 0x7e07, name = 'com.apple.tsm.portname'
See /usr/include/servers/bootstrap_defs.h for the error codes.
JavaScript error: https://edge.ldscdn.org/cdn2/csp/ldsorg/script/common/lds.js, line 10: ReferenceError: $ is not defined
1524713392083	geckodriver	INFO	geckodriver 0.20.1
1524713392173	geckodriver	INFO	Listening on 127.0.0.1:60133
1524713393118	mozrunner::runner	INFO	Running command: "/Applications/Firefox.app/Contents/MacOS/firefox-bin" "-marionette" "-profile" "/var/folders/yd/_r5zqd3n3vlbbw9hlxgsjt5m0000gn/T/rust_mozprofile.BA6dHQckM4JL"
1524713393740	Marionette	INFO	Enabled via --marionette
2018-04-25 21:29:55.254 plugin-container[4755:13378606] *** CFMessagePort: bootstrap_register(): failed 1100 (0x44c) 'Permission denied', port = 0x7b03, name = 'com.apple.tsm.portname'
See /usr/include/servers/bootstrap_defs.h for the error codes.
1524713395756	Marionette	INFO	Listening on port 60144
1524713395874	Marionette	WARN	TLS certificate errors will be ignored for this session
2018-04-25 21:29:56.702 plugin-container[4757:13378706] *** CFMessagePort: bootstrap_register(): failed 1100 (0x44c) 'Permission denied', port = 0x8107, name = 'com.apple.tsm.portname'
See /usr/include/servers/bootstrap_defs.h for the error codes.
JavaScript error: https://edge.ldscdn.org/cdn2/csp/ldsorg/script/common/lds.js, line 10: ReferenceError: $ is not defined
JavaScript error: https://edge.ldscdn.org/cdn2/csp/ldsorg/script/common/lds.js, line 10: ReferenceError: $ is not defined
*** UTM:SVC TimerManager:registerTimer called after profile-before-change notification. Ignoring timer registration for id: telemetry_modules_ping
1524713437017	geckodriver	INFO	geckodriver 0.20.1
1524713437164	geckodriver	INFO	Listening on 127.0.0.1:60376
1524713438046	mozrunner::runner	INFO	Running command: "/Applications/Firefox.app/Contents/MacOS/firefox-bin" "-marionette" "-profile" "/var/folders/yd/_r5zqd3n3vlbbw9hlxgsjt5m0000gn/T/rust_mozprofile.vCWyzjHO57np"
1524713438670	Marionette	INFO	Enabled via --marionette
2018-04-25 21:30:39.606 plugin-container[4797:13379718] *** CFMessagePort: bootstrap_register(): failed 1100 (0x44c) 'Permission denied', port = 0x7b3b, name = 'com.apple.tsm.portname'
See /usr/include/servers/bootstrap_defs.h for the error codes.
1524713440096	Marionette	INFO	Listening on port 60387
1524713440148	Marionette	WARN	TLS certificate errors will be ignored for this session
2018-04-25 21:30:40.673 plugin-container[4799:13379794] *** CFMessagePort: bootstrap_register(): failed 1100 (0x44c) 'Permission denied', port = 0x7e3f, name = 'com.apple.tsm.portname'
See /usr/include/servers/bootstrap_defs.h for the error codes.
JavaScript error: https://edge.ldscdn.org/cdn2/csp/ldsorg/script/common/lds.js, line 10: ReferenceError: $ is not defined
1524713465836	geckodriver	INFO	geckodriver 0.20.1
1524713465918	geckodriver	INFO	Listening on 127.0.0.1:60596
1524713466869	mozrunner::runner	INFO	Running command: "/Applications/Firefox.app/Contents/MacOS/firefox-bin" "-marionette" "-profile" "/var/folders/yd/_r5zqd3n3vlbbw9hlxgsjt5m0000gn/T/rust_mozprofile.kdH4DaMiBEF4"
1524713467470	Marionette	INFO	Enabled via --marionette
2018-04-25 21:31:08.512 plugin-container[4862:13380572] *** CFMessagePort: bootstrap_register(): failed 1100 (0x44c) 'Permission denied', port = 0x7d07, name = 'com.apple.tsm.portname'
See /usr/include/servers/bootstrap_defs.h for the error codes.
1524713469048	Marionette	INFO	Listening on port 60607
1524713469170	Marionette	WARN	TLS certificate errors will be ignored for this session
2018-04-25 21:31:10.094 plugin-container[4864:13380682] *** CFMessagePort: bootstrap_register(): failed 1100 (0x44c) 'Permission denied', port = 0x8507, name = 'com.apple.tsm.portname'
See /usr/include/servers/bootstrap_defs.h for the error codes.
*** UTM:SVC TimerManager:registerTimer called after profile-before-change notification. Ignoring timer registration for id: telemetry_modules_ping
JavaScript error: https://edge.ldscdn.org/cdn2/csp/ldsorg/script/common/lds.js, line 10: ReferenceError: $ is not defined
console.warn: LoginRecipes: getRecipes: falling back to a synchronous message for: https://ident.lds.org
console.warn: nsLoginManager: searchLogins: `formSubmitURL` or `httpRealm` is recommended
1524713701801	geckodriver	INFO	geckodriver 0.20.1
1524713701879	geckodriver	INFO	Listening on 127.0.0.1:61040
1524713702832	mozrunner::runner	INFO	Running command: "/Applications/Firefox.app/Contents/MacOS/firefox-bin" "-marionette" "-profile" "/var/folders/yd/_r5zqd3n3vlbbw9hlxgsjt5m0000gn/T/rust_mozprofile.mlFQJ9uAjTTo"
1524713703444	Marionette	INFO	Enabled via --marionette
2018-04-25 21:35:04.436 plugin-container[5030:13386298] *** CFMessagePort: bootstrap_register(): failed 1100 (0x44c) 'Permission denied', port = 0x7e3f, name = 'com.apple.tsm.portname'
See /usr/include/servers/bootstrap_defs.h for the error codes.
1524713704898	Marionette	INFO	Listening on port 61051
1524713704914	Marionette	WARN	TLS certificate errors will be ignored for this session
2018-04-25 21:35:05.827 plugin-container[5031:13386369] *** CFMessagePort: bootstrap_register(): failed 1100 (0x44c) 'Permission denied', port = 0x7a3f, name = 'com.apple.tsm.portname'
See /usr/include/servers/bootstrap_defs.h for the error codes.
JavaScript error: https://edge.ldscdn.org/cdn2/csp/ldsorg/script/common/lds.js, line 10: ReferenceError: $ is not defined
JavaScript error: https://assets.adobedtm.com/05c94072b1046aef0dc9b195809b4d2429a0d30a/mbox-contents-4d805c15c04dacf9c938d6443701b57f38816611.js, line 3: ReferenceError: mboxAppendSession is not defined
1524713799227	geckodriver	INFO	geckodriver 0.20.1
1524713799303	geckodriver	INFO	Listening on 127.0.0.1:61332
1524713800253	mozrunner::runner	INFO	Running command: "/Applications/Firefox.app/Contents/MacOS/firefox-bin" "-marionette" "-profile" "/var/folders/yd/_r5zqd3n3vlbbw9hlxgsjt5m0000gn/T/rust_mozprofile.xBnNjgBxbJQv"
1524713800892	Marionette	INFO	Enabled via --marionette
2018-04-25 21:36:41.841 plugin-container[5237:13389651] *** CFMessagePort: bootstrap_register(): failed 1100 (0x44c) 'Permission denied', port = 0x7c03, name = 'com.apple.tsm.portname'
See /usr/include/servers/bootstrap_defs.h for the error codes.
1524713802344	Marionette	INFO	Listening on port 61343
1524713802392	Marionette	WARN	TLS certificate errors will be ignored for this session
2018-04-25 21:36:43.329 plugin-container[5238:13389729] *** CFMessagePort: bootstrap_register(): failed 1100 (0x44c) 'Permission denied', port = 0x9003, name = 'com.apple.tsm.portname'
See /usr/include/servers/bootstrap_defs.h for the error codes.
JavaScript error: https://edge.ldscdn.org/cdn2/csp/ldsorg/script/common/lds.js, line 10: ReferenceError: $ is not defined
console.warn: LoginRecipes: getRecipes: falling back to a synchronous message for: https://ident.lds.org
console.warn: nsLoginManager: searchLogins: `formSubmitURL` or `httpRealm` is recommended
1524713941515	geckodriver	INFO	geckodriver 0.20.1
1524713941595	geckodriver	INFO	Listening on 127.0.0.1:61649
1524713942553	mozrunner::runner	INFO	Running command: "/Applications/Firefox.app/Contents/MacOS/firefox-bin" "-marionette" "-profile" "/var/folders/yd/_r5zqd3n3vlbbw9hlxgsjt5m0000gn/T/rust_mozprofile.1I0b8nzRgC5s"
1524713943392	Marionette	INFO	Enabled via --marionette
2018-04-25 21:39:04.333 plugin-container[5329:13393338] *** CFMessagePort: bootstrap_register(): failed 1100 (0x44c) 'Permission denied', port = 0x853f, name = 'com.apple.tsm.portname'
See /usr/include/servers/bootstrap_defs.h for the error codes.
1524713944822	Marionette	INFO	Listening on port 61660
1524713944902	Marionette	WARN	TLS certificate errors will be ignored for this session
2018-04-25 21:39:05.724 plugin-container[5330:13393436] *** CFMessagePort: bootstrap_register(): failed 1100 (0x44c) 'Permission denied', port = 0x8b03, name = 'com.apple.tsm.portname'
See /usr/include/servers/bootstrap_defs.h for the error codes.
JavaScript error: https://edge.ldscdn.org/cdn2/csp/ldsorg/script/common/lds.js, line 10: ReferenceError: $ is not defined
JavaScript error: https://assets.adobedtm.com/05c94072b1046aef0dc9b195809b4d2429a0d30a/scripts/satellite-569421e764746d270a00ea5e.js, line 5: ReferenceError: aaPluginConfig is not defined
JavaScript error: https://assets.adobedtm.com/05c94072b1046aef0dc9b195809b4d2429a0d30a/scripts/satellite-569421e764746d270a00ea5f.js, line 4: ReferenceError: aaPluginConfig is not defined
1524713969993	geckodriver	INFO	geckodriver 0.20.1
1524713970091	geckodriver	INFO	Listening on 127.0.0.1:61835
1524713971017	mozrunner::runner	INFO	Running command: "/Applications/Firefox.app/Contents/MacOS/firefox-bin" "-marionette" "-profile" "/var/folders/yd/_r5zqd3n3vlbbw9hlxgsjt5m0000gn/T/rust_mozprofile.D2nYJqzCeEDA"
1524713971600	Marionette	INFO	Enabled via --marionette
2018-04-25 21:39:32.597 plugin-container[5359:13394167] *** CFMessagePort: bootstrap_register(): failed 1100 (0x44c) 'Permission denied', port = 0x8107, name = 'com.apple.tsm.portname'
See /usr/include/servers/bootstrap_defs.h for the error codes.
1524713973120	Marionette	INFO	Listening on port 61846
1524713973208	Marionette	WARN	TLS certificate errors will be ignored for this session
2018-04-25 21:39:33.871 plugin-container[5360:13394239] *** CFMessagePort: bootstrap_register(): failed 1100 (0x44c) 'Permission denied', port = 0x863f, name = 'com.apple.tsm.portname'
See /usr/include/servers/bootstrap_defs.h for the error codes.
JavaScript error: https://edge.ldscdn.org/cdn2/csp/ldsorg/script/common/lds.js, line 10: ReferenceError: $ is not defined
*** UTM:SVC TimerManager:registerTimer called after profile-before-change notification. Ignoring timer registration for id: telemetry_modules_ping
*** UTM:SVC TimerManager:registerTimer called after profile-before-change notification. Ignoring timer registration for id: telemetry_modules_ping
1524714050486	geckodriver	INFO	geckodriver 0.20.1
1524714050581	geckodriver	INFO	Listening on 127.0.0.1:62071
1524714051518	mozrunner::runner	INFO	Running command: "/Applications/Firefox.app/Contents/MacOS/firefox-bin" "-marionette" "-profile" "/var/folders/yd/_r5zqd3n3vlbbw9hlxgsjt5m0000gn/T/rust_mozprofile.LMxhmexpmf5a"
1524714052102	Marionette	INFO	Enabled via --marionette
2018-04-25 21:40:53.181 plugin-container[5412:13396286] *** CFMessagePort: bootstrap_register(): failed 1100 (0x44c) 'Permission denied', port = 0x7e07, name = 'com.apple.tsm.portname'
See /usr/include/servers/bootstrap_defs.h for the error codes.
1524714053760	Marionette	INFO	Listening on port 62082
1524714053842	Marionette	WARN	TLS certificate errors will be ignored for this session
2018-04-25 21:40:54.299 plugin-container[5413:13396367] *** CFMessagePort: bootstrap_register(): failed 1100 (0x44c) 'Permission denied', port = 0x7f33, name = 'com.apple.tsm.portname'
See /usr/include/servers/bootstrap_defs.h for the error codes.
JavaScript error: https://edge.ldscdn.org/cdn2/csp/ldsorg/script/common/lds.js, line 10: ReferenceError: $ is not defined
JavaScript error: https://assets.adobedtm.com/05c94072b1046aef0dc9b195809b4d2429a0d30a/scripts/satellite-5693ec1d64746d5f90006ba2.js, line 4: ReferenceError: ADB is not defined
JavaScript error: https://assets.adobedtm.com/05c94072b1046aef0dc9b195809b4d2429a0d30a/scripts/satellite-569421e764746d270a00ea5e.js, line 5: TypeError: aaPluginConfig is undefined
JavaScript error: https://assets.adobedtm.com/05c94072b1046aef0dc9b195809b4d2429a0d30a/scripts/satellite-569421e764746d270a00ea5f.js, line 4: TypeError: aaPluginConfig is undefined
console.warn: LoginRecipes: getRecipes: falling back to a synchronous message for: https://ident.lds.org
console.warn: nsLoginManager: searchLogins: `formSubmitURL` or `httpRealm` is recommended
1524714110067	geckodriver	INFO	geckodriver 0.20.1
1524714110156	geckodriver	INFO	Listening on 127.0.0.1:62245
1524714111099	mozrunner::runner	INFO	Running command: "/Applications/Firefox.app/Contents/MacOS/firefox-bin" "-marionette" "-profile" "/var/folders/yd/_r5zqd3n3vlbbw9hlxgsjt5m0000gn/T/rust_mozprofile.Rc80jqeyCJI1"
1524714111678	Marionette	INFO	Enabled via --marionette
2018-04-25 21:41:52.738 plugin-container[5460:13397766] *** CFMessagePort: bootstrap_register(): failed 1100 (0x44c) 'Permission denied', port = 0x7e43, name = 'com.apple.tsm.portname'
See /usr/include/servers/bootstrap_defs.h for the error codes.
1524714113186	Marionette	INFO	Listening on port 62256
1524714113204	Marionette	WARN	TLS certificate errors will be ignored for this session
2018-04-25 21:41:53.747 plugin-container[5461:13397852] *** CFMessagePort: bootstrap_register(): failed 1100 (0x44c) 'Permission denied', port = 0x782f, name = 'com.apple.tsm.portname'
See /usr/include/servers/bootstrap_defs.h for the error codes.
JavaScript error: https://edge.ldscdn.org/cdn2/csp/ldsorg/script/common/lds.js, line 10: ReferenceError: $ is not defined
1524714239257	geckodriver	INFO	geckodriver 0.20.1
1524714239332	geckodriver	INFO	Listening on 127.0.0.1:62418
1524714240292	mozrunner::runner	INFO	Running command: "/Applications/Firefox.app/Contents/MacOS/firefox-bin" "-marionette" "-profile" "/var/folders/yd/_r5zqd3n3vlbbw9hlxgsjt5m0000gn/T/rust_mozprofile.q2lFJM6Omzm8"
1524714240878	Marionette	INFO	Enabled via --marionette
2018-04-25 21:44:02.040 plugin-container[5534:13400725] *** CFMessagePort: bootstrap_register(): failed 1100 (0x44c) 'Permission denied', port = 0x8107, name = 'com.apple.tsm.portname'
See /usr/include/servers/bootstrap_defs.h for the error codes.
1524714242540	Marionette	INFO	Listening on port 62429
1524714242618	Marionette	WARN	TLS certificate errors will be ignored for this session
2018-04-25 21:44:03.129 plugin-container[5538:13400821] *** CFMessagePort: bootstrap_register(): failed 1100 (0x44c) 'Permission denied', port = 0x7c3f, name = 'com.apple.tsm.portname'
See /usr/include/servers/bootstrap_defs.h for the error codes.
JavaScript error: https://edge.ldscdn.org/cdn2/csp/ldsorg/script/common/lds.js, line 10: ReferenceError: $ is not defined
1524714272447	geckodriver	INFO	geckodriver 0.20.1
1524714272512	geckodriver	INFO	Listening on 127.0.0.1:62597
1524714273482	mozrunner::runner	INFO	Running command: "/Applications/Firefox.app/Contents/MacOS/firefox-bin" "-marionette" "-profile" "/var/folders/yd/_r5zqd3n3vlbbw9hlxgsjt5m0000gn/T/rust_mozprofile.lvHv7RD5Fkn6"
1524714274040	Marionette	INFO	Enabled via --marionette
2018-04-25 21:44:35.209 plugin-container[5567:13401649] *** CFMessagePort: bootstrap_register(): failed 1100 (0x44c) 'Permission denied', port = 0x7e3f, name = 'com.apple.tsm.portname'
See /usr/include/servers/bootstrap_defs.h for the error codes.
1524714275652	Marionette	INFO	Listening on port 62608
1524714275704	Marionette	WARN	TLS certificate errors will be ignored for this session
2018-04-25 21:44:36.175 plugin-container[5568:13401725] *** CFMessagePort: bootstrap_register(): failed 1100 (0x44c) 'Permission denied', port = 0x7e3f, name = 'com.apple.tsm.portname'
See /usr/include/servers/bootstrap_defs.h for the error codes.
JavaScript error: https://edge.ldscdn.org/cdn2/csp/ldsorg/script/common/lds.js, line 10: ReferenceError: $ is not defined
JavaScript error: https://assets.adobedtm.com/05c94072b1046aef0dc9b195809b4d2429a0d30a/scripts/satellite-5693ec1d64746d5f90006ba2.js, line 4: ReferenceError: ADB is not defined
JavaScript error: https://assets.adobedtm.com/05c94072b1046aef0dc9b195809b4d2429a0d30a/scripts/satellite-569421e764746d270a00ea5e.js, line 5: TypeError: aaPluginConfig is undefined
console.warn: LoginRecipes: getRecipes: falling back to a synchronous message for: https://ident.lds.org
console.warn: nsLoginManager: searchLogins: `formSubmitURL` or `httpRealm` is recommended
1524714591689	geckodriver	INFO	geckodriver 0.20.1
1524714591768	geckodriver	INFO	Listening on 127.0.0.1:62902
1524714592738	mozrunner::runner	INFO	Running command: "/Applications/Firefox.app/Contents/MacOS/firefox-bin" "-marionette" "-profile" "/var/folders/yd/_r5zqd3n3vlbbw9hlxgsjt5m0000gn/T/rust_mozprofile.Kd6kK6yff7nE"
1524714593512	Marionette	INFO	Enabled via --marionette
2018-04-25 21:49:55.018 plugin-container[5792:13408577] *** CFMessagePort: bootstrap_register(): failed 1100 (0x44c) 'Permission denied', port = 0x8337, name = 'com.apple.tsm.portname'
See /usr/include/servers/bootstrap_defs.h for the error codes.
1524714595750	Marionette	INFO	Listening on port 62913
1524714595784	Marionette	WARN	TLS certificate errors will be ignored for this session
2018-04-25 21:49:56.566 plugin-container[5793:13408688] *** CFMessagePort: bootstrap_register(): failed 1100 (0x44c) 'Permission denied', port = 0x7b3f, name = 'com.apple.tsm.portname'
See /usr/include/servers/bootstrap_defs.h for the error codes.
JavaScript error: https://edge.ldscdn.org/cdn2/csp/ldsorg/script/common/lds.js, line 10: ReferenceError: $ is not defined
1524714814607	geckodriver	INFO	geckodriver 0.20.1
1524714814694	geckodriver	INFO	Listening on 127.0.0.1:63362
1524714815629	mozrunner::runner	INFO	Running command: "/Applications/Firefox.app/Contents/MacOS/firefox-bin" "-marionette" "-profile" "/var/folders/yd/_r5zqd3n3vlbbw9hlxgsjt5m0000gn/T/rust_mozprofile.VvLCfOrJUMBc"
1524714816278	Marionette	INFO	Enabled via --marionette
2018-04-25 21:53:37.528 plugin-container[5933:13414995] *** CFMessagePort: bootstrap_register(): failed 1100 (0x44c) 'Permission denied', port = 0x7843, name = 'com.apple.tsm.portname'
See /usr/include/servers/bootstrap_defs.h for the error codes.
1524714817948	Marionette	INFO	Listening on port 63374
1524714818030	Marionette	WARN	TLS certificate errors will be ignored for this session
2018-04-25 21:53:38.751 plugin-container[5935:13415088] *** CFMessagePort: bootstrap_register(): failed 1100 (0x44c) 'Permission denied', port = 0x7b43, name = 'com.apple.tsm.portname'
See /usr/include/servers/bootstrap_defs.h for the error codes.
JavaScript error: https://edge.ldscdn.org/cdn2/csp/ldsorg/script/common/lds.js, line 10: ReferenceError: $ is not defined
1524714989031	geckodriver	INFO	geckodriver 0.20.1
1524714989114	geckodriver	INFO	Listening on 127.0.0.1:63744
1524714990055	mozrunner::runner	INFO	Running command: "/Applications/Firefox.app/Contents/MacOS/firefox-bin" "-marionette" "-profile" "/var/folders/yd/_r5zqd3n3vlbbw9hlxgsjt5m0000gn/T/rust_mozprofile.UwB5DbPXMliM"
1524714990662	Marionette	INFO	Enabled via --marionette
2018-04-25 21:56:31.687 plugin-container[6086:13418959] *** CFMessagePort: bootstrap_register(): failed 1100 (0x44c) 'Permission denied', port = 0x873f, name = 'com.apple.tsm.portname'
See /usr/include/servers/bootstrap_defs.h for the error codes.
1524714992272	Marionette	INFO	Listening on port 63755
1524714992308	Marionette	WARN	TLS certificate errors will be ignored for this session
2018-04-25 21:56:33.201 plugin-container[6087:13419048] *** CFMessagePort: bootstrap_register(): failed 1100 (0x44c) 'Permission denied', port = 0x853f, name = 'com.apple.tsm.portname'
See /usr/include/servers/bootstrap_defs.h for the error codes.
JavaScript error: https://edge.ldscdn.org/cdn2/csp/ldsorg/script/common/lds.js, line 10: ReferenceError: $ is not defined
2018-04-25 21:58:40.750 plugin-container[6185:13421479] *** CFMessagePort: bootstrap_register(): failed 1100 (0x44c) 'Permission denied', port = 0x7e43, name = 'com.apple.tsm.portname'
See /usr/include/servers/bootstrap_defs.h for the error codes.
1524715128153	geckodriver	INFO	geckodriver 0.20.1
1524715128227	geckodriver	INFO	Listening on 127.0.0.1:64150
1524715129187	mozrunner::runner	INFO	Running command: "/Applications/Firefox.app/Contents/MacOS/firefox-bin" "-marionette" "-profile" "/var/folders/yd/_r5zqd3n3vlbbw9hlxgsjt5m0000gn/T/rust_mozprofile.LnzTDRW3UISO"
1524715129778	Marionette	INFO	Enabled via --marionette
2018-04-25 21:58:50.690 plugin-container[6198:13421832] *** CFMessagePort: bootstrap_register(): failed 1100 (0x44c) 'Permission denied', port = 0x8337, name = 'com.apple.tsm.portname'
See /usr/include/servers/bootstrap_defs.h for the error codes.
1524715131158	Marionette	INFO	Listening on port 64161
1524715131220	Marionette	WARN	TLS certificate errors will be ignored for this session
2018-04-25 21:58:52.174 plugin-container[6200:13421909] *** CFMessagePort: bootstrap_register(): failed 1100 (0x44c) 'Permission denied', port = 0x843f, name = 'com.apple.tsm.portname'
See /usr/include/servers/bootstrap_defs.h for the error codes.
JavaScript error: https://edge.ldscdn.org/cdn2/csp/ldsorg/script/common/lds.js, line 10: ReferenceError: $ is not defined
*** UTM:SVC TimerManager:registerTimer called after profile-before-change notification. Ignoring timer registration for id: telemetry_modules_ping
1524715181849	geckodriver	INFO	geckodriver 0.20.1
1524715181968	geckodriver	INFO	Listening on 127.0.0.1:64387
1524715182877	mozrunner::runner	INFO	Running command: "/Applications/Firefox.app/Contents/MacOS/firefox-bin" "-marionette" "-profile" "/var/folders/yd/_r5zqd3n3vlbbw9hlxgsjt5m0000gn/T/rust_mozprofile.LbEFHcqgR17V"
1524715183480	Marionette	INFO	Enabled via --marionette
2018-04-25 21:59:44.838 plugin-container[6243:13423104] *** CFMessagePort: bootstrap_register(): failed 1100 (0x44c) 'Permission denied', port = 0x6e47, name = 'com.apple.tsm.portname'
See /usr/include/servers/bootstrap_defs.h for the error codes.
1524715185500	Marionette	INFO	Listening on port 64400
1524715185590	Marionette	WARN	TLS certificate errors will be ignored for this session
2018-04-25 21:59:45.764 plugin-container[6245:13423198] *** CFMessagePort: bootstrap_register(): failed 1100 (0x44c) 'Permission denied', port = 0x7c43, name = 'com.apple.tsm.portname'
See /usr/include/servers/bootstrap_defs.h for the error codes.
JavaScript error: https://edge.ldscdn.org/cdn2/csp/ldsorg/script/common/lds.js, line 10: ReferenceError: $ is not defined
*** UTM:SVC TimerManager:registerTimer called after profile-before-change notification. Ignoring timer registration for id: telemetry_modules_ping
1524715237254	geckodriver	INFO	geckodriver 0.20.1
1524715237364	geckodriver	INFO	Listening on 127.0.0.1:64668
1524715238286	mozrunner::runner	INFO	Running command: "/Applications/Firefox.app/Contents/MacOS/firefox-bin" "-marionette" "-profile" "/var/folders/yd/_r5zqd3n3vlbbw9hlxgsjt5m0000gn/T/rust_mozprofile.ZBDT7IGIPIVu"
1524715238882	Marionette	INFO	Enabled via --marionette
2018-04-25 22:00:39.784 plugin-container[6288:13424636] *** CFMessagePort: bootstrap_register(): failed 1100 (0x44c) 'Permission denied', port = 0x7c43, name = 'com.apple.tsm.portname'
See /usr/include/servers/bootstrap_defs.h for the error codes.
1524715240192	Marionette	INFO	Listening on port 64679
1524715240300	Marionette	WARN	TLS certificate errors will be ignored for this session
2018-04-25 22:00:40.988 plugin-container[6289:13424708] *** CFMessagePort: bootstrap_register(): failed 1100 (0x44c) 'Permission denied', port = 0x8543, name = 'com.apple.tsm.portname'
See /usr/include/servers/bootstrap_defs.h for the error codes.
JavaScript error: https://edge.ldscdn.org/cdn2/csp/ldsorg/script/common/lds.js, line 10: ReferenceError: $ is not defined
JavaScript error: https://assets.adobedtm.com/05c94072b1046aef0dc9b195809b4d2429a0d30a/scripts/satellite-569421e764746d270a00ea5e.js, line 5: ReferenceError: aaPluginConfig is not defined
JavaScript error: https://assets.adobedtm.com/05c94072b1046aef0dc9b195809b4d2429a0d30a/scripts/satellite-569421e764746d270a00ea5f.js, line 4: ReferenceError: aaPluginConfig is not defined
JavaScript error: https://edge.ldscdn.org/cdn2/csp/ldsorg/script/common/lds.js, line 10: ReferenceError: $ is not defined
*** UTM:SVC TimerManager:registerTimer called after profile-before-change notification. Ignoring timer registration for id: telemetry_modules_ping
1524715319240	geckodriver	INFO	geckodriver 0.20.1
1524715319303	geckodriver	INFO	Listening on 127.0.0.1:64961
1524715320269	mozrunner::runner	INFO	Running command: "/Applications/Firefox.app/Contents/MacOS/firefox-bin" "-marionette" "-profile" "/var/folders/yd/_r5zqd3n3vlbbw9hlxgsjt5m0000gn/T/rust_mozprofile.ppWmCuPOfq1q"
1524715320780	Marionette	INFO	Enabled via --marionette
2018-04-25 22:02:01.813 plugin-container[6343:13426358] *** CFMessagePort: bootstrap_register(): failed 1100 (0x44c) 'Permission denied', port = 0x8843, name = 'com.apple.tsm.portname'
See /usr/include/servers/bootstrap_defs.h for the error codes.
1524715322290	Marionette	INFO	Listening on port 64972
1524715322366	Marionette	WARN	TLS certificate errors will be ignored for this session
2018-04-25 22:02:02.954 plugin-container[6345:13426434] *** CFMessagePort: bootstrap_register(): failed 1100 (0x44c) 'Permission denied', port = 0x770b, name = 'com.apple.tsm.portname'
See /usr/include/servers/bootstrap_defs.h for the error codes.
JavaScript error: https://edge.ldscdn.org/cdn2/csp/ldsorg/script/common/lds.js, line 10: ReferenceError: $ is not defined
JavaScript error: https://edge.ldscdn.org/cdn2/csp/ldsorg/script/common/lds.js, line 10: ReferenceError: $ is not defined
*** UTM:SVC TimerManager:registerTimer called after profile-before-change notification. Ignoring timer registration for id: telemetry_modules_ping
1524715375453	geckodriver	INFO	geckodriver 0.20.1
1524715375596	geckodriver	INFO	Listening on 127.0.0.1:65178
1524715376491	mozrunner::runner	INFO	Running command: "/Applications/Firefox.app/Contents/MacOS/firefox-bin" "-marionette" "-profile" "/var/folders/yd/_r5zqd3n3vlbbw9hlxgsjt5m0000gn/T/rust_mozprofile.wOVvdyjjLPTI"
1524715377126	Marionette	INFO	Enabled via --marionette
2018-04-25 22:02:58.217 plugin-container[6393:13427791] *** CFMessagePort: bootstrap_register(): failed 1100 (0x44c) 'Permission denied', port = 0x7e43, name = 'com.apple.tsm.portname'
See /usr/include/servers/bootstrap_defs.h for the error codes.
1524715378718	Marionette	INFO	Listening on port 65189
1524715378820	Marionette	WARN	TLS certificate errors will be ignored for this session
2018-04-25 22:02:59.341 plugin-container[6394:13427879] *** CFMessagePort: bootstrap_register(): failed 1100 (0x44c) 'Permission denied', port = 0x7643, name = 'com.apple.tsm.portname'
See /usr/include/servers/bootstrap_defs.h for the error codes.
JavaScript error: https://edge.ldscdn.org/cdn2/csp/ldsorg/script/common/lds.js, line 10: ReferenceError: $ is not defined
JavaScript error: https://edge.ldscdn.org/cdn2/csp/ldsorg/script/common/lds.js, line 10: ReferenceError: $ is not defined
1524715668975	geckodriver	INFO	geckodriver 0.20.1
1524715669052	geckodriver	INFO	Listening on 127.0.0.1:49249
1524715670011	mozrunner::runner	INFO	Running command: "/Applications/Firefox.app/Contents/MacOS/firefox-bin" "-marionette" "-profile" "/var/folders/yd/_r5zqd3n3vlbbw9hlxgsjt5m0000gn/T/rust_mozprofile.zqnIyq4nWH8y"
1524715670728	Marionette	INFO	Enabled via --marionette
2018-04-25 22:07:51.874 plugin-container[6606:13435585] *** CFMessagePort: bootstrap_register(): failed 1100 (0x44c) 'Permission denied', port = 0x8343, name = 'com.apple.tsm.portname'
See /usr/include/servers/bootstrap_defs.h for the error codes.
1524715672404	Marionette	INFO	Listening on port 49260
1524715672472	Marionette	WARN	TLS certificate errors will be ignored for this session
2018-04-25 22:07:53.179 plugin-container[6607:13435668] *** CFMessagePort: bootstrap_register(): failed 1100 (0x44c) 'Permission denied', port = 0x7e43, name = 'com.apple.tsm.portname'
See /usr/include/servers/bootstrap_defs.h for the error codes.
2018-04-25 22:07:55.739 plugin-container[6608:13435738] *** CFMessagePort: bootstrap_register(): failed 1100 (0x44c) 'Permission denied', port = 0x8803, name = 'com.apple.tsm.portname'
See /usr/include/servers/bootstrap_defs.h for the error codes.
JavaScript error: https://edge.ldscdn.org/cdn2/csp/ldsorg/script/common/lds.js, line 10: ReferenceError: $ is not defined
JavaScript error: https://assets.adobedtm.com/05c94072b1046aef0dc9b195809b4d2429a0d30a/scripts/satellite-569421e764746d270a00ea5e.js, line 5: ReferenceError: aaPluginConfig is not defined
JavaScript error: https://assets.adobedtm.com/05c94072b1046aef0dc9b195809b4d2429a0d30a/scripts/satellite-569421e764746d270a00ea5f.js, line 4: ReferenceError: aaPluginConfig is not defined
JavaScript error: https://edge.ldscdn.org/cdn2/csp/ldsorg/script/common/lds.js, line 10: ReferenceError: $ is not defined
2018-04-25 22:08:58.703 plugin-container[6653:13437254] *** CFMessagePort: bootstrap_register(): failed 1100 (0x44c) 'Permission denied', port = 0x843f, name = 'com.apple.tsm.portname'
See /usr/include/servers/bootstrap_defs.h for the error codes.
1524715741999	geckodriver	INFO	geckodriver 0.20.1
1524715742076	geckodriver	INFO	Listening on 127.0.0.1:49517
1524715743027	mozrunner::runner	INFO	Running command: "/Applications/Firefox.app/Contents/MacOS/firefox-bin" "-marionette" "-profile" "/var/folders/yd/_r5zqd3n3vlbbw9hlxgsjt5m0000gn/T/rust_mozprofile.u2dPRQfYCTi8"
1524715743584	Marionette	INFO	Enabled via --marionette
2018-04-25 22:09:04.497 plugin-container[6664:13437471] *** CFMessagePort: bootstrap_register(): failed 1100 (0x44c) 'Permission denied', port = 0x7443, name = 'com.apple.tsm.portname'
See /usr/include/servers/bootstrap_defs.h for the error codes.
1524715744934	Marionette	INFO	Listening on port 49528
1524715744944	Marionette	WARN	TLS certificate errors will be ignored for this session
2018-04-25 22:09:05.957 plugin-container[6665:13437550] *** CFMessagePort: bootstrap_register(): failed 1100 (0x44c) 'Permission denied', port = 0x823f, name = 'com.apple.tsm.portname'
See /usr/include/servers/bootstrap_defs.h for the error codes.
JavaScript error: https://edge.ldscdn.org/cdn2/csp/ldsorg/script/common/lds.js, line 10: ReferenceError: $ is not defined
JavaScript error: https://edge.ldscdn.org/cdn2/csp/ldsorg/script/common/lds.js, line 10: ReferenceError: $ is not defined
1524717421480	geckodriver	INFO	geckodriver 0.20.1
1524717421553	geckodriver	INFO	Listening on 127.0.0.1:49924
1524717422546	mozrunner::runner	INFO	Running command: "/Applications/Firefox.app/Contents/MacOS/firefox-bin" "-marionette" "-profile" "/var/folders/yd/_r5zqd3n3vlbbw9hlxgsjt5m0000gn/T/rust_mozprofile.PJZhueqbfXps"
1524717423266	Marionette	INFO	Enabled via --marionette
2018-04-25 22:37:04.198 plugin-container[7621:13468006] *** CFMessagePort: bootstrap_register(): failed 1100 (0x44c) 'Permission denied', port = 0x7b43, name = 'com.apple.tsm.portname'
See /usr/include/servers/bootstrap_defs.h for the error codes.
1524717424700	Marionette	INFO	Listening on port 49935
1524717424762	Marionette	WARN	TLS certificate errors will be ignored for this session
2018-04-25 22:37:05.396 plugin-container[7622:13468085] *** CFMessagePort: bootstrap_register(): failed 1100 (0x44c) 'Permission denied', port = 0x8443, name = 'com.apple.tsm.portname'
See /usr/include/servers/bootstrap_defs.h for the error codes.
JavaScript error: https://edge.ldscdn.org/cdn2/csp/ldsorg/script/common/lds.js, line 10: ReferenceError: $ is not defined
JavaScript error: https://edge.ldscdn.org/cdn2/csp/ldsorg/script/common/lds.js, line 10: ReferenceError: $ is not defined
1524745150898	geckodriver	INFO	geckodriver 0.20.1
1524745150993	geckodriver	INFO	Listening on 127.0.0.1:52082
1524745151925	mozrunner::runner	INFO	Running command: "/Applications/Firefox.app/Contents/MacOS/firefox-bin" "-marionette" "-profile" "/var/folders/yd/_r5zqd3n3vlbbw9hlxgsjt5m0000gn/T/rust_mozprofile.UutXvyRPvQlZ"
1524745152886	Marionette	INFO	Enabled via --marionette
2018-04-26 06:19:14.089 plugin-container[10088:13550223] *** CFMessagePort: bootstrap_register(): failed 1100 (0x44c) 'Permission denied', port = 0x843f, name = 'com.apple.tsm.portname'
See /usr/include/servers/bootstrap_defs.h for the error codes.
1524745154728	Marionette	INFO	Listening on port 52093
1524745154782	Marionette	WARN	TLS certificate errors will be ignored for this session
2018-04-26 06:19:15.365 plugin-container[10090:13550331] *** CFMessagePort: bootstrap_register(): failed 1100 (0x44c) 'Permission denied', port = 0x7937, name = 'com.apple.tsm.portname'
See /usr/include/servers/bootstrap_defs.h for the error codes.
JavaScript error: https://edge.ldscdn.org/cdn2/csp/ldsorg/script/common/lds.js, line 10: ReferenceError: $ is not defined
JavaScript error: https://edge.ldscdn.org/cdn2/csp/ldsorg/script/common/lds.js, line 10: ReferenceError: $ is not defined
1524747969702	geckodriver	INFO	geckodriver 0.20.1
1524747969786	geckodriver	INFO	Listening on 127.0.0.1:52685
1524747970736	mozrunner::runner	INFO	Running command: "/Applications/Firefox.app/Contents/MacOS/firefox-bin" "-marionette" "-profile" "/var/folders/yd/_r5zqd3n3vlbbw9hlxgsjt5m0000gn/T/rust_mozprofile.PiYlod4e4C3X"
1524747971736	Marionette	INFO	Enabled via --marionette
2018-04-26 07:06:13.072 plugin-container[11248:13592371] *** CFMessagePort: bootstrap_register(): failed 1100 (0x44c) 'Permission denied', port = 0x7e43, name = 'com.apple.tsm.portname'
See /usr/include/servers/bootstrap_defs.h for the error codes.
1524747973782	Marionette	INFO	Listening on port 52697
1524747973836	Marionette	WARN	TLS certificate errors will be ignored for this session
2018-04-26 07:06:13.999 plugin-container[11249:13592459] *** CFMessagePort: bootstrap_register(): failed 1100 (0x44c) 'Permission denied', port = 0x7e43, name = 'com.apple.tsm.portname'
See /usr/include/servers/bootstrap_defs.h for the error codes.
JavaScript error: https://edge.ldscdn.org/cdn2/csp/ldsorg/script/common/lds.js, line 10: ReferenceError: $ is not defined
JavaScript error: https://edge.ldscdn.org/cdn2/csp/ldsorg/script/common/lds.js, line 10: ReferenceError: $ is not defined
1524749920873	geckodriver	INFO	geckodriver 0.20.1
1524749920992	geckodriver	INFO	Listening on 127.0.0.1:53148
1524749921934	mozrunner::runner	INFO	Running command: "/Applications/Firefox.app/Contents/MacOS/firefox-bin" "-marionette" "-profile" "/var/folders/yd/_r5zqd3n3vlbbw9hlxgsjt5m0000gn/T/rust_mozprofile.d9dA751AczPI"
1524749922768	Marionette	INFO	Enabled via --marionette
2018-04-26 07:38:44.054 plugin-container[11568:13603319] *** CFMessagePort: bootstrap_register(): failed 1100 (0x44c) 'Permission denied', port = 0x7b3f, name = 'com.apple.tsm.portname'
See /usr/include/servers/bootstrap_defs.h for the error codes.
1524749924800	Marionette	INFO	Listening on port 53161
2018-04-26 07:38:44.801 plugin-container[11569:13603399] *** CFMessagePort: bootstrap_register(): failed 1100 (0x44c) 'Permission denied', port = 0x7b3f, name = 'com.apple.tsm.portname'
See /usr/include/servers/bootstrap_defs.h for the error codes.
1524749924836	Marionette	WARN	TLS certificate errors will be ignored for this session
JavaScript error: https://edge.ldscdn.org/cdn2/csp/ldsorg/script/common/lds.js, line 10: ReferenceError: $ is not defined
JavaScript error: https://assets.adobedtm.com/05c94072b1046aef0dc9b195809b4d2429a0d30a/scripts/satellite-569421e764746d270a00ea5e.js, line 5: ReferenceError: aaPluginConfig is not defined
JavaScript error: https://assets.adobedtm.com/05c94072b1046aef0dc9b195809b4d2429a0d30a/scripts/satellite-569421e764746d270a00ea5f.js, line 4: ReferenceError: aaPluginConfig is not defined
JavaScript error: https://edge.ldscdn.org/cdn2/csp/ldsorg/script/common/lds.js, line 10: ReferenceError: $ is not defined
1524750428264	geckodriver	INFO	geckodriver 0.20.1
1524750428407	geckodriver	INFO	Listening on 127.0.0.1:53862
1524750429298	mozrunner::runner	INFO	Running command: "/Applications/Firefox.app/Contents/MacOS/firefox-bin" "-marionette" "-profile" "/var/folders/yd/_r5zqd3n3vlbbw9hlxgsjt5m0000gn/T/rust_mozprofile.i5YFhVtP9p3C"
1524750429936	Marionette	INFO	Enabled via --marionette
2018-04-26 07:47:11.134 plugin-container[11926:13613464] *** CFMessagePort: bootstrap_register(): failed 1100 (0x44c) 'Permission denied', port = 0x7643, name = 'com.apple.tsm.portname'
See /usr/include/servers/bootstrap_defs.h for the error codes.
1524750432038	Marionette	INFO	Listening on port 53873
1524750432108	Marionette	WARN	TLS certificate errors will be ignored for this session
2018-04-26 07:47:12.269 plugin-container[11928:13613565] *** CFMessagePort: bootstrap_register(): failed 1100 (0x44c) 'Permission denied', port = 0x8247, name = 'com.apple.tsm.portname'
See /usr/include/servers/bootstrap_defs.h for the error codes.
JavaScript error: https://edge.ldscdn.org/cdn2/csp/ldsorg/script/common/lds.js, line 10: ReferenceError: $ is not defined
JavaScript error: https://edge.ldscdn.org/cdn2/csp/ldsorg/script/common/lds.js, line 10: ReferenceError: $ is not defined
1524750502263	geckodriver	INFO	geckodriver 0.20.1
1524750502373	geckodriver	INFO	Listening on 127.0.0.1:54284
1524750503363	mozrunner::runner	INFO	Running command: "/Applications/Firefox.app/Contents/MacOS/firefox-bin" "-marionette" "-profile" "/var/folders/yd/_r5zqd3n3vlbbw9hlxgsjt5m0000gn/T/rust_mozprofile.Tch0zXUZeYWN"
1524750504220	Marionette	INFO	Enabled via --marionette
2018-04-26 07:48:25.250 plugin-container[11988:13615211] *** CFMessagePort: bootstrap_register(): failed 1100 (0x44c) 'Permission denied', port = 0x763f, name = 'com.apple.tsm.portname'
See /usr/include/servers/bootstrap_defs.h for the error codes.
1524750505838	Marionette	INFO	Listening on port 54296
1524750505954	Marionette	WARN	TLS certificate errors will be ignored for this session
2018-04-26 07:48:26.529 plugin-container[11989:13615285] *** CFMessagePort: bootstrap_register(): failed 1100 (0x44c) 'Permission denied', port = 0x8207, name = 'com.apple.tsm.portname'
See /usr/include/servers/bootstrap_defs.h for the error codes.
JavaScript error: https://edge.ldscdn.org/cdn2/csp/ldsorg/script/common/lds.js, line 10: ReferenceError: $ is not defined
JavaScript error: https://assets.adobedtm.com/05c94072b1046aef0dc9b195809b4d2429a0d30a/scripts/satellite-569421e764746d270a00ea5e.js, line 5: ReferenceError: aaPluginConfig is not defined
JavaScript error: https://assets.adobedtm.com/05c94072b1046aef0dc9b195809b4d2429a0d30a/scripts/satellite-569421e764746d270a00ea5f.js, line 4: ReferenceError: aaPluginConfig is not defined
*** UTM:SVC TimerManager:registerTimer called after profile-before-change notification. Ignoring timer registration for id: telemetry_modules_ping
1524750553822	geckodriver	INFO	geckodriver 0.20.1
1524750553889	geckodriver	INFO	Listening on 127.0.0.1:54484
1524750554904	mozrunner::runner	INFO	Running command: "/Applications/Firefox.app/Contents/MacOS/firefox-bin" "-marionette" "-profile" "/var/folders/yd/_r5zqd3n3vlbbw9hlxgsjt5m0000gn/T/rust_mozprofile.E8fi7P6m3GHZ"
1524750555512	Marionette	INFO	Enabled via --marionette
2018-04-26 07:49:16.406 plugin-container[12033:13616474] *** CFMessagePort: bootstrap_register(): failed 1100 (0x44c) 'Permission denied', port = 0x8333, name = 'com.apple.tsm.portname'
See /usr/include/servers/bootstrap_defs.h for the error codes.
1524750556978	Marionette	INFO	Listening on port 54495
1524750557056	Marionette	WARN	TLS certificate errors will be ignored for this session
2018-04-26 07:49:17.528 plugin-container[12034:13616559] *** CFMessagePort: bootstrap_register(): failed 1100 (0x44c) 'Permission denied', port = 0x7507, name = 'com.apple.tsm.portname'
See /usr/include/servers/bootstrap_defs.h for the error codes.
JavaScript error: https://edge.ldscdn.org/cdn2/csp/ldsorg/script/common/lds.js, line 10: ReferenceError: $ is not defined
JavaScript error: https://edge.ldscdn.org/cdn2/csp/ldsorg/script/common/lds.js, line 10: ReferenceError: $ is not defined
1524750933435	geckodriver	INFO	geckodriver 0.20.1
1524750933516	geckodriver	INFO	Listening on 127.0.0.1:55108
1524750934465	mozrunner::runner	INFO	Running command: "/Applications/Firefox.app/Contents/MacOS/firefox-bin" "-marionette" "-profile" "/var/folders/yd/_r5zqd3n3vlbbw9hlxgsjt5m0000gn/T/rust_mozprofile.EUd4DhQHm4yX"
1524750935334	Marionette	INFO	Enabled via --marionette
2018-04-26 07:55:36.672 plugin-container[12330:13624322] *** CFMessagePort: bootstrap_register(): failed 1100 (0x44c) 'Permission denied', port = 0x8103, name = 'com.apple.tsm.portname'
See /usr/include/servers/bootstrap_defs.h for the error codes.
1524750937512	Marionette	INFO	Listening on port 55119
2018-04-26 07:55:37.514 plugin-container[12331:13624400] *** CFMessagePort: bootstrap_register(): failed 1100 (0x44c) 'Permission denied', port = 0x7a2b, name = 'com.apple.tsm.portname'
See /usr/include/servers/bootstrap_defs.h for the error codes.
1524750937548	Marionette	WARN	TLS certificate errors will be ignored for this session
JavaScript error: https://edge.ldscdn.org/cdn2/csp/ldsorg/script/common/lds.js, line 10: ReferenceError: $ is not defined
JavaScript error: https://edge.ldscdn.org/cdn2/csp/ldsorg/script/common/lds.js, line 10: ReferenceError: $ is not defined
*** UTM:SVC TimerManager:registerTimer called after profile-before-change notification. Ignoring timer registration for id: telemetry_modules_ping
1524750999784	geckodriver	INFO	geckodriver 0.20.1
1524750999920	geckodriver	INFO	Listening on 127.0.0.1:55413
1524751000801	mozrunner::runner	INFO	Running command: "/Applications/Firefox.app/Contents/MacOS/firefox-bin" "-marionette" "-profile" "/var/folders/yd/_r5zqd3n3vlbbw9hlxgsjt5m0000gn/T/rust_mozprofile.Jufw8xi0VWFa"
1524751001392	Marionette	INFO	Enabled via --marionette
2018-04-26 07:56:42.383 plugin-container[12379:13625811] *** CFMessagePort: bootstrap_register(): failed 1100 (0x44c) 'Permission denied', port = 0x853f, name = 'com.apple.tsm.portname'
See /usr/include/servers/bootstrap_defs.h for the error codes.
1524751002812	Marionette	INFO	Listening on port 55424
1524751002902	Marionette	WARN	TLS certificate errors will be ignored for this session
2018-04-26 07:56:43.561 plugin-container[12380:13625885] *** CFMessagePort: bootstrap_register(): failed 1100 (0x44c) 'Permission denied', port = 0x793f, name = 'com.apple.tsm.portname'
See /usr/include/servers/bootstrap_defs.h for the error codes.
JavaScript error: https://edge.ldscdn.org/cdn2/csp/ldsorg/script/common/lds.js, line 10: ReferenceError: $ is not defined
JavaScript error: https://edge.ldscdn.org/cdn2/csp/ldsorg/script/common/lds.js, line 10: ReferenceError: $ is not defined
1524751213447	geckodriver	INFO	geckodriver 0.20.1
1524751213532	geckodriver	INFO	Listening on 127.0.0.1:56130
1524751214490	mozrunner::runner	INFO	Running command: "/Applications/Firefox.app/Contents/MacOS/firefox-bin" "-marionette" "-profile" "/var/folders/yd/_r5zqd3n3vlbbw9hlxgsjt5m0000gn/T/rust_mozprofile.shajdTE3kT7Q"
1524751215292	Marionette	INFO	Enabled via --marionette
2018-04-26 08:00:16.416 plugin-container[12644:13631319] *** CFMessagePort: bootstrap_register(): failed 1100 (0x44c) 'Permission denied', port = 0x8243, name = 'com.apple.tsm.portname'
See /usr/include/servers/bootstrap_defs.h for the error codes.
1524751217062	Marionette	INFO	Listening on port 56143
1524751217176	Marionette	WARN	TLS certificate errors will be ignored for this session
2018-04-26 08:00:17.870 plugin-container[12645:13631413] *** CFMessagePort: bootstrap_register(): failed 1100 (0x44c) 'Permission denied', port = 0x813f, name = 'com.apple.tsm.portname'
See /usr/include/servers/bootstrap_defs.h for the error codes.
[GFX1-]: Receive IPC close with reason=AbnormalShutdown
[GFX1-]: Receive IPC close with reason=AbnormalShutdown
1524751238604	geckodriver	INFO	geckodriver 0.20.1
1524751238681	geckodriver	INFO	Listening on 127.0.0.1:56239
1524751239636	mozrunner::runner	INFO	Running command: "/Applications/Firefox.app/Contents/MacOS/firefox-bin" "-marionette" "-profile" "/var/folders/yd/_r5zqd3n3vlbbw9hlxgsjt5m0000gn/T/rust_mozprofile.sb6Ur4XHnbrE"
1524751240252	Marionette	INFO	Enabled via --marionette
2018-04-26 08:00:41.398 plugin-container[12675:13632511] *** CFMessagePort: bootstrap_register(): failed 1100 (0x44c) 'Permission denied', port = 0x8a3f, name = 'com.apple.tsm.portname'
See /usr/include/servers/bootstrap_defs.h for the error codes.
1524751242280	Marionette	INFO	Listening on port 56250
1524751242326	Marionette	WARN	TLS certificate errors will be ignored for this session
2018-04-26 08:00:42.510 plugin-container[12676:13632599] *** CFMessagePort: bootstrap_register(): failed 1100 (0x44c) 'Permission denied', port = 0x7f3f, name = 'com.apple.tsm.portname'
See /usr/include/servers/bootstrap_defs.h for the error codes.
JavaScript error: https://edge.ldscdn.org/cdn2/csp/ldsorg/script/common/lds.js, line 10: ReferenceError: $ is not defined
JavaScript error: https://edge.ldscdn.org/cdn2/csp/ldsorg/script/common/lds.js, line 10: ReferenceError: $ is not defined
1524751333815	geckodriver	INFO	geckodriver 0.20.1
1524751333923	geckodriver	INFO	Listening on 127.0.0.1:56666
1524751334862	mozrunner::runner	INFO	Running command: "/Applications/Firefox.app/Contents/MacOS/firefox-bin" "-marionette" "-profile" "/var/folders/yd/_r5zqd3n3vlbbw9hlxgsjt5m0000gn/T/rust_mozprofile.OLBty188kypF"
1524751335696	Marionette	INFO	Enabled via --marionette
2018-04-26 08:02:16.966 plugin-container[12763:13635197] *** CFMessagePort: bootstrap_register(): failed 1100 (0x44c) 'Permission denied', port = 0x7b3f, name = 'com.apple.tsm.portname'
See /usr/include/servers/bootstrap_defs.h for the error codes.
1524751337404	Marionette	INFO	Listening on port 56677
1524751337446	Marionette	WARN	TLS certificate errors will be ignored for this session
2018-04-26 08:02:17.962 plugin-container[12764:13635275] *** CFMessagePort: bootstrap_register(): failed 1100 (0x44c) 'Permission denied', port = 0x783f, name = 'com.apple.tsm.portname'
See /usr/include/servers/bootstrap_defs.h for the error codes.
JavaScript error: https://edge.ldscdn.org/cdn2/csp/ldsorg/script/common/lds.js, line 10: ReferenceError: $ is not defined
JavaScript error: https://edge.ldscdn.org/cdn2/csp/ldsorg/script/common/lds.js, line 10: ReferenceError: $ is not defined
[GFX1-]: Receive IPC close with reason=AbnormalShutdown
[Child 12764, Chrome_ChildThread] WARNING: pipe error: Broken pipe: file /builds/worker/workspace/build/src/ipc/chromium/src/chrome/common/ipc_channel_posix.cc, line 709
[GFX1-]: Receive IPC close with reason=AbnormalShutdown
